[01m[K/home/csa/ws/test/src/test/src/test.cpp:[m[K In function â€˜[01m[Kint main()[m[Kâ€™:
[01m[K/home/csa/ws/test/src/test/src/test.cpp:12:2:[m[K [01;31m[Kerror: [m[Kâ€˜[01m[Kcout[m[Kâ€™ was not declared in this scope
  cout << "THis is a test" << endl;
[01;32m[K  ^[m[K
[01m[K/home/csa/ws/test/src/test/src/test.cpp:12:30:[m[K [01;31m[Kerror: [m[Kâ€˜[01m[Kendl[m[Kâ€™ was not declared in this scope
  cout << "THis is a test" << endl;
[01;32m[K                              ^[m[K
make[2]: *** [CMakeFiles/test_node.dir/src/test.cpp.o] Error 1
make[1]: *** [CMakeFiles/test_node.dir/all] Error 2
make: *** [all] Error 2
