[ 50%] [32mBuilding CXX object CMakeFiles/test_node.dir/src/test.cpp.o[0m
In file included from [01m[K/opt/ros/kinetic/include/ros/ros.h:40:0[m[K,
                 from [01m[K/home/csa/ws/test/src/test/src/test.cpp:1[m[K:
[01m[K/home/csa/ws/test/src/test/src/test.cpp:[m[K In function â€˜[01m[Kint main(int, char**)[m[Kâ€™:
[01m[K/opt/ros/kinetic/include/ros/console.h:372:3:[m[K [01;31m[Kerror: [m[Kexpected â€˜[01m[K;[m[Kâ€™ before â€˜[01m[Kdo[m[Kâ€™
   do \
[01;32m[K   ^[m[K
[01m[K/opt/ros/kinetic/include/ros/console.h:560:35:[m[K [01;36m[Knote: [m[Kin expansion of macro â€˜[01m[KROS_LOG_COND[m[Kâ€™
 #define ROS_LOG(level, name, ...) ROS_LOG_COND(true, level, name, __VA_ARGS__)
[01;32m[K                                   ^[m[K
[01m[K/opt/ros/kinetic/include/rosconsole/macros_generated.h:110:23:[m[K [01;36m[Knote: [m[Kin expansion of macro â€˜[01m[KROS_LOG[m[Kâ€™
 #define ROS_INFO(...) ROS_LOG(::ros::console::levels::Info, ROSCONSOLE_DEFAULT_NAME, __VA_ARGS__)
[01;32m[K                       ^[m[K
[01m[K/home/csa/ws/test/src/test/src/test.cpp:14:2:[m[K [01;36m[Knote: [m[Kin expansion of macro â€˜[01m[KROS_INFO[m[Kâ€™
  ROS_INFO("test of roscore");
[01;32m[K  ^[m[K
[01m[K/home/csa/ws/test/src/test/src/test.cpp:20:1:[m[K [01;31m[Kerror: [m[Kexpected â€˜[01m[K}[m[Kâ€™ at end of input
 }
[01;32m[K ^[m[K
CMakeFiles/test_node.dir/build.make:62: recipe for target 'CMakeFiles/test_node.dir/src/test.cpp.o' failed
CMakeFiles/Makefile2:707: recipe for target 'CMakeFiles/test_node.dir/all' failed
Makefile:138: recipe for target 'all' failed
make[2]: *** [CMakeFiles/test_node.dir/src/test.cpp.o] Error 1
make[1]: *** [CMakeFiles/test_node.dir/all] Error 2
make: *** [all] Error 2
