[01m[K/home/csa/ws/test/src/test/src/test.cpp:1:21:[m[K [01;31m[Kfatal error: [m[Kros/ros.h: No such file or directory
compilation terminated.
make[2]: *** [CMakeFiles/test_node.dir/src/test.cpp.o] Error 1
make[1]: *** [CMakeFiles/test_node.dir/all] Error 2
make: *** [all] Error 2
