[ 50%] [32mBuilding CXX object CMakeFiles/test_node.dir/src/test.cpp.o[0m
[01m[K/home/csa/ws/test/src/test/src/test.cpp:[m[K In function â€˜[01m[Kint main(int, char**)[m[Kâ€™:
[01m[K/home/csa/ws/test/src/test/src/test.cpp:7:2:[m[K [01;31m[Kerror: [m[Kâ€˜[01m[Kroscore[m[Kâ€™ was not declared in this scope
  roscore& ;
[01;32m[K  ^[m[K
[01m[K/home/csa/ws/test/src/test/src/test.cpp:7:11:[m[K [01;31m[Kerror: [m[Kexpected primary-expression before â€˜[01m[K;[m[Kâ€™ token
  roscore& ;
[01;32m[K           ^[m[K
CMakeFiles/test_node.dir/build.make:62: recipe for target 'CMakeFiles/test_node.dir/src/test.cpp.o' failed
CMakeFiles/Makefile2:707: recipe for target 'CMakeFiles/test_node.dir/all' failed
Makefile:138: recipe for target 'all' failed
make[2]: *** [CMakeFiles/test_node.dir/src/test.cpp.o] Error 1
make[1]: *** [CMakeFiles/test_node.dir/all] Error 2
make: *** [all] Error 2
